<?xml version="1.0" encoding="UTF-8"?>
<testsuite xmlns:xsi="http://www.w3.org/2001/XMLSchema-instance" xsi:noNamespaceSchemaLocation="https://maven.apache.org/surefire/maven-surefire-plugin/xsd/surefire-test-report.xsd" name="mflix.api.daos.TimeoutsTest" time="1.307" tests="2" errors="2" skipped="0" failures="0">
  <properties>
[...]
</properties>
  <testcase name="testConfiguredConnectionTimeoutMs" classname="mflix.api.daos.TimeoutsTest" time="0.067">
    <error type="java.lang.NullPointerException">java.lang.NullPointerException
	at mflix.api.daos.TimeoutsTest.testConfiguredConnectionTimeoutMs(TimeoutsTest.java:57)
</error>
    <system-out><![CDATA[2019-02-16 10:45:28.349  INFO 10336 --- [           main] .b.t.c.SpringBootTestContextBootstrapper : Neither @ContextConfiguration nor @ContextHierarchy found for test class [mflix.api.daos.TimeoutsTest], using SpringBootContextLoader
2019-02-16 10:45:28.350  INFO 10336 --- [           main] o.s.t.c.support.AbstractContextLoader    : Could not detect default resource locations for test class [mflix.api.daos.TimeoutsTest]: no resource found for suffixes {-context.xml, Context.groovy}.
2019-02-16 10:45:28.353  INFO 10336 --- [           main] .b.t.c.SpringBootTestContextBootstrapper : Loaded default TestExecutionListener class names from location [META-INF/spring.factories]: [org.springframework.boot.test.mock.mockito.MockitoTestExecutionListener, org.springframework.boot.test.mock.mockito.ResetMocksTestExecutionListener, org.springframework.boot.test.autoconfigure.restdocs.RestDocsTestExecutionListener, org.springframework.boot.test.autoconfigure.web.client.MockRestServiceServerResetTestExecutionListener, org.springframework.boot.test.autoconfigure.web.servlet.MockMvcPrintOnlyOnFailureTestExecutionListener, org.springframework.boot.test.autoconfigure.web.servlet.WebDriverTestExecutionListener, org.springframework.test.context.web.ServletTestExecutionListener, org.springframework.test.context.support.DirtiesContextBeforeModesTestExecutionListener, org.springframework.test.context.support.DependencyInjectionTestExecutionListener, org.springframework.test.context.support.DirtiesContextTestExecutionListener, org.springframework.test.context.transaction.TransactionalTestExecutionListener, org.springframework.test.context.jdbc.SqlScriptsTestExecutionListener]
2019-02-16 10:45:28.354  INFO 10336 --- [           main] .b.t.c.SpringBootTestContextBootstrapper : Using TestExecutionListeners: [org.springframework.test.context.web.ServletTestExecutionListener@77b919a3, org.springframework.test.context.support.DirtiesContextBeforeModesTestExecutionListener@5624657a, org.springframework.boot.test.mock.mockito.MockitoTestExecutionListener@36681447, org.springframework.boot.test.autoconfigure.SpringBootDependencyInjectionTestExecutionListener@4d21c56e, org.springframework.test.context.support.DirtiesContextTestExecutionListener@726aa968, org.springframework.boot.test.mock.mockito.ResetMocksTestExecutionListener@7100dea, org.springframework.boot.test.autoconfigure.restdocs.RestDocsTestExecutionListener@712cfb63, org.springframework.boot.test.autoconfigure.web.client.MockRestServiceServerResetTestExecutionListener@32e54a9d, org.springframework.boot.test.autoconfigure.web.servlet.MockMvcPrintOnlyOnFailureTestExecutionListener@15639440, org.springframework.boot.test.autoconfigure.web.servlet.WebDriverTestExecutionListener@121bb45b]

  .   ____          _            __ _ _
 /\\ / ___'_ __ _ _(_)_ __  __ _ \ \ \ \
( ( )\___ | '_ | '_| | '_ \/ _` | \ \ \ \
 \\/  ___)| |_)| | | | | || (_| |  ) ) ) )
  '  |____| .__|_| |_|_| |_\__, | / / / /
 =========|_|==============|___/=/_/_/_/
 :: Spring Boot ::        (v2.0.4.RELEASE)

2019-02-16 10:45:28.401  INFO 10336 --- [           main] mflix.api.daos.TimeoutsTest              : Starting TimeoutsTest on DESKTOP-0V95UJD with PID 10336 (started by felip in C:\Users\felip\Documents\MongoDBUniversity\M220J\mflix-java\mflix)
2019-02-16 10:45:28.401  INFO 10336 --- [           main] mflix.api.daos.TimeoutsTest              : No active profile set, falling back to default profiles: default
2019-02-16 10:45:28.405  INFO 10336 --- [           main] o.s.w.c.s.GenericWebApplicationContext   : Refreshing org.springframework.web.context.support.GenericWebApplicationContext@fc807c1: startup date [Sat Feb 16 10:45:28 GMT 2019]; root of context hierarchy
2019-02-16 10:45:28.832  INFO 10336 --- [           main] org.mongodb.driver.cluster               : Cluster created with settings {hosts=[mflix-shard-00-01-jho7e.mongodb.net:27017, mflix-shard-00-00-jho7e.mongodb.net:27017, mflix-shard-00-02-jho7e.mongodb.net:27017], mode=MULTIPLE, requiredClusterType=REPLICA_SET, serverSelectionTimeout='30000 ms', maxWaitQueueSize=500, requiredReplicaSetName='mflix-shard-0'}
2019-02-16 10:45:28.832  INFO 10336 --- [           main] org.mongodb.driver.cluster               : Adding discovered server mflix-shard-00-01-jho7e.mongodb.net:27017 to client view of cluster
2019-02-16 10:45:28.833  INFO 10336 --- [           main] org.mongodb.driver.cluster               : Adding discovered server mflix-shard-00-00-jho7e.mongodb.net:27017 to client view of cluster
2019-02-16 10:45:28.833  INFO 10336 --- [           main] org.mongodb.driver.cluster               : Adding discovered server mflix-shard-00-02-jho7e.mongodb.net:27017 to client view of cluster
2019-02-16 10:45:29.051  INFO 10336 --- [           main] o.s.w.s.handler.SimpleUrlHandlerMapping  : Mapped URL path [/**/favicon.ico] onto handler of type [class org.springframework.web.servlet.resource.ResourceHttpRequestHandler]
2019-02-16 10:45:29.198  INFO 10336 --- [           main] s.w.s.m.m.a.RequestMappingHandlerAdapter : Looking for @ControllerAdvice: org.springframework.web.context.support.GenericWebApplicationContext@fc807c1: startup date [Sat Feb 16 10:45:28 GMT 2019]; root of context hierarchy
2019-02-16 10:45:29.218  INFO 10336 --- [           main] s.w.s.m.m.a.RequestMappingHandlerMapping : Mapped "{[/error]}" onto public org.springframework.http.ResponseEntity<java.util.Map<java.lang.String, java.lang.Object>> org.springframework.boot.autoconfigure.web.servlet.error.BasicErrorController.error(javax.servlet.http.HttpServletRequest)
2019-02-16 10:45:29.218  INFO 10336 --- [           main] s.w.s.m.m.a.RequestMappingHandlerMapping : Mapped "{[/error],produces=[text/html]}" onto public org.springframework.web.servlet.ModelAndView org.springframework.boot.autoconfigure.web.servlet.error.BasicErrorController.errorHtml(javax.servlet.http.HttpServletRequest,javax.servlet.http.HttpServletResponse)
2019-02-16 10:45:29.240  INFO 10336 --- [           main] o.s.w.s.handler.SimpleUrlHandlerMapping  : Mapped URL path [/webjars/**] onto handler of type [class org.springframework.web.servlet.resource.ResourceHttpRequestHandler]
2019-02-16 10:45:29.240  INFO 10336 --- [           main] o.s.w.s.handler.SimpleUrlHandlerMapping  : Mapped URL path [/**] onto handler of type [class org.springframework.web.servlet.resource.ResourceHttpRequestHandler]
2019-02-16 10:45:29.282  INFO 10336 --- [           main] o.s.b.a.w.s.WelcomePageHandlerMapping    : Adding welcome page: class path resource [build/index.html]
2019-02-16 10:45:29.429  INFO 10336 --- [           main] .s.s.UserDetailsServiceAutoConfiguration : 

Using generated security password: 98a7b2f9-4a12-40ba-920e-81cabec47cb7

2019-02-16 10:45:29.429  INFO 10336 --- [ngodb.net:27017] org.mongodb.driver.connection            : Opened connection [connectionId{localValue:22, serverValue:34291}] to mflix-shard-00-00-jho7e.mongodb.net:27017
2019-02-16 10:45:29.505  INFO 10336 --- [ngodb.net:27017] org.mongodb.driver.connection            : Opened connection [connectionId{localValue:21, serverValue:33734}] to mflix-shard-00-01-jho7e.mongodb.net:27017
2019-02-16 10:45:29.508  INFO 10336 --- [ngodb.net:27017] org.mongodb.driver.connection            : Opened connection [connectionId{localValue:23, serverValue:34002}] to mflix-shard-00-02-jho7e.mongodb.net:27017
2019-02-16 10:45:29.523  INFO 10336 --- [ngodb.net:27017] org.mongodb.driver.cluster               : Monitor thread successfully connected to server with description ServerDescription{address=mflix-shard-00-00-jho7e.mongodb.net:27017, type=REPLICA_SET_PRIMARY, state=CONNECTED, ok=true, version=ServerVersion{versionList=[4, 0, 6]}, minWireVersion=0, maxWireVersion=7, maxDocumentSize=16777216, logicalSessionTimeoutMinutes=30, roundTripTimeNanos=92839400, setName='mflix-shard-0', canonicalAddress=mflix-shard-00-00-jho7e.mongodb.net:27017, hosts=[mflix-shard-00-00-jho7e.mongodb.net:27017, mflix-shard-00-01-jho7e.mongodb.net:27017, mflix-shard-00-02-jho7e.mongodb.net:27017], passives=[], arbiters=[], primary='mflix-shard-00-00-jho7e.mongodb.net:27017', tagSet=TagSet{[Tag{name='region', value='US_EAST_1'}, Tag{name='provider', value='AWS'}, Tag{name='nodeType', value='ELECTABLE'}]}, electionId=7fffffff0000000000000001, setVersion=1, lastWriteDate=Sat Feb 16 10:45:26 GMT 2019, lastUpdateTimeNanos=129379909410800}
2019-02-16 10:45:29.523  INFO 10336 --- [ngodb.net:27017] org.mongodb.driver.cluster               : Setting max election id to 7fffffff0000000000000001 from replica set primary mflix-shard-00-00-jho7e.mongodb.net:27017
2019-02-16 10:45:29.523  INFO 10336 --- [ngodb.net:27017] org.mongodb.driver.cluster               : Setting max set version to 1 from replica set primary mflix-shard-00-00-jho7e.mongodb.net:27017
2019-02-16 10:45:29.524  INFO 10336 --- [ngodb.net:27017] org.mongodb.driver.cluster               : Discovered replica set primary mflix-shard-00-00-jho7e.mongodb.net:27017
2019-02-16 10:45:29.572  INFO 10336 --- [           main] o.s.s.web.DefaultSecurityFilterChain     : Creating filter chain: org.springframework.security.web.util.matcher.AnyRequestMatcher@1, [org.springframework.security.web.context.request.async.WebAsyncManagerIntegrationFilter@5922d3e9, org.springframework.security.web.context.SecurityContextPersistenceFilter@7c72ecc, org.springframework.security.web.header.HeaderWriterFilter@35e26d05, org.springframework.security.web.csrf.CsrfFilter@45cd7bc5, org.springframework.security.web.authentication.logout.LogoutFilter@2538bc06, org.springframework.security.web.authentication.UsernamePasswordAuthenticationFilter@737db7f8, org.springframework.security.web.authentication.ui.DefaultLoginPageGeneratingFilter@1bb740f2, org.springframework.security.web.authentication.www.BasicAuthenticationFilter@5f2de715, org.springframework.security.web.savedrequest.RequestCacheAwareFilter@47406941, org.springframework.security.web.servletapi.SecurityContextHolderAwareRequestFilter@61ecbee9, org.springframework.security.web.authentication.AnonymousAuthenticationFilter@7d57dbb5, org.springframework.security.web.session.SessionManagementFilter@29fa6b65, org.springframework.security.web.access.ExceptionTranslationFilter@6504a875, org.springframework.security.web.access.intercept.FilterSecurityInterceptor@2440022a]
2019-02-16 10:45:29.614  INFO 10336 --- [ngodb.net:27017] org.mongodb.driver.cluster               : Monitor thread successfully connected to server with description ServerDescription{address=mflix-shard-00-01-jho7e.mongodb.net:27017, type=REPLICA_SET_SECONDARY, state=CONNECTED, ok=true, version=ServerVersion{versionList=[4, 0, 6]}, minWireVersion=0, maxWireVersion=7, maxDocumentSize=16777216, logicalSessionTimeoutMinutes=30, roundTripTimeNanos=108196700, setName='mflix-shard-0', canonicalAddress=mflix-shard-00-01-jho7e.mongodb.net:27017, hosts=[mflix-shard-00-00-jho7e.mongodb.net:27017, mflix-shard-00-01-jho7e.mongodb.net:27017, mflix-shard-00-02-jho7e.mongodb.net:27017], passives=[], arbiters=[], primary='mflix-shard-00-00-jho7e.mongodb.net:27017', tagSet=TagSet{[Tag{name='region', value='US_EAST_1'}, Tag{name='provider', value='AWS'}, Tag{name='nodeType', value='ELECTABLE'}]}, electionId=null, setVersion=1, lastWriteDate=Sat Feb 16 10:45:26 GMT 2019, lastUpdateTimeNanos=129380000133000}
2019-02-16 10:45:29.618  INFO 10336 --- [ngodb.net:27017] org.mongodb.driver.cluster               : Monitor thread successfully connected to server with description ServerDescription{address=mflix-shard-00-02-jho7e.mongodb.net:27017, type=REPLICA_SET_SECONDARY, state=CONNECTED, ok=true, version=ServerVersion{versionList=[4, 0, 6]}, minWireVersion=0, maxWireVersion=7, maxDocumentSize=16777216, logicalSessionTimeoutMinutes=30, roundTripTimeNanos=109364800, setName='mflix-shard-0', canonicalAddress=mflix-shard-00-02-jho7e.mongodb.net:27017, hosts=[mflix-shard-00-00-jho7e.mongodb.net:27017, mflix-shard-00-01-jho7e.mongodb.net:27017, mflix-shard-00-02-jho7e.mongodb.net:27017], passives=[], arbiters=[], primary='mflix-shard-00-00-jho7e.mongodb.net:27017', tagSet=TagSet{[Tag{name='region', value='US_EAST_1'}, Tag{name='provider', value='AWS'}, Tag{name='nodeType', value='ELECTABLE'}]}, electionId=null, setVersion=1, lastWriteDate=Sat Feb 16 10:45:26 GMT 2019, lastUpdateTimeNanos=129380004634600}
2019-02-16 10:45:29.641  INFO 10336 --- [           main] mflix.api.daos.TimeoutsTest              : Started TimeoutsTest in 1.284 seconds (JVM running for 101.559)
2019-02-16 10:45:29.681  INFO 10336 --- [           main] org.mongodb.driver.cluster               : Cluster created with settings {hosts=[mflix-shard-00-00-jho7e.mongodb.net:27017, mflix-shard-00-01-jho7e.mongodb.net:27017, mflix-shard-00-02-jho7e.mongodb.net:27017], mode=MULTIPLE, requiredClusterType=REPLICA_SET, serverSelectionTimeout='30000 ms', maxWaitQueueSize=500, requiredReplicaSetName='mflix-shard-0'}
2019-02-16 10:45:29.682  INFO 10336 --- [           main] org.mongodb.driver.cluster               : Adding discovered server mflix-shard-00-00-jho7e.mongodb.net:27017 to client view of cluster
2019-02-16 10:45:29.682  INFO 10336 --- [           main] org.mongodb.driver.cluster               : Adding discovered server mflix-shard-00-01-jho7e.mongodb.net:27017 to client view of cluster
2019-02-16 10:45:29.683  INFO 10336 --- [           main] org.mongodb.driver.cluster               : Adding discovered server mflix-shard-00-02-jho7e.mongodb.net:27017 to client view of cluster
]]></system-out>
  </testcase>
  <testcase name="testConfiguredWtimeout" classname="mflix.api.daos.TimeoutsTest" time="0.035">
    <error type="java.lang.NullPointerException">java.lang.NullPointerException
	at mflix.api.daos.TimeoutsTest.testConfiguredWtimeout(TimeoutsTest.java:48)
</error>
    <system-out><![CDATA[2019-02-16 10:45:29.748  INFO 10336 --- [           main] org.mongodb.driver.cluster               : Cluster created with settings {hosts=[mflix-shard-00-01-jho7e.mongodb.net:27017, mflix-shard-00-00-jho7e.mongodb.net:27017, mflix-shard-00-02-jho7e.mongodb.net:27017], mode=MULTIPLE, requiredClusterType=REPLICA_SET, serverSelectionTimeout='30000 ms', maxWaitQueueSize=500, requiredReplicaSetName='mflix-shard-0'}
2019-02-16 10:45:29.748  INFO 10336 --- [           main] org.mongodb.driver.cluster               : Adding discovered server mflix-shard-00-01-jho7e.mongodb.net:27017 to client view of cluster
2019-02-16 10:45:29.748  INFO 10336 --- [           main] org.mongodb.driver.cluster               : Adding discovered server mflix-shard-00-00-jho7e.mongodb.net:27017 to client view of cluster
2019-02-16 10:45:29.749  INFO 10336 --- [           main] org.mongodb.driver.cluster               : Adding discovered server mflix-shard-00-02-jho7e.mongodb.net:27017 to client view of cluster
]]></system-out>
  </testcase>
</testsuite>