<?xml version="1.0" encoding="UTF-8"?>
<testsuite xmlns:xsi="http://www.w3.org/2001/XMLSchema-instance" xsi:noNamespaceSchemaLocation="https://maven.apache.org/surefire/maven-surefire-plugin/xsd/surefire-test-report.xsd" name="mflix.api.daos.MigrationTest" time="4.694" tests="2" errors="0" skipped="0" failures="2">
  <properties>
[...]
</properties>
  <testcase name="testAllDocumentsIMDBRatingNumber" classname="mflix.api.daos.MigrationTest" time="1.989">
    <failure message="Should not find documents where `imdb.rating` is of not of `number` type expected:&lt;0&gt; but was:&lt;1714&gt;" type="java.lang.AssertionError"><![CDATA[java.lang.AssertionError: Should not find documents where `imdb.rating` is of not of `number` type expected:<0> but was:<1714>
	at mflix.api.daos.MigrationTest.testAllDocumentsIMDBRatingNumber(MigrationTest.java:42)
]]></failure>
    <system-out><![CDATA[2019-02-16 10:44:04.545  INFO 10336 --- [           main] org.mongodb.driver.cluster               : Cluster created with settings {hosts=[mflix-shard-00-01-jho7e.mongodb.net:27017, mflix-shard-00-00-jho7e.mongodb.net:27017, mflix-shard-00-02-jho7e.mongodb.net:27017], mode=MULTIPLE, requiredClusterType=REPLICA_SET, serverSelectionTimeout='30000 ms', maxWaitQueueSize=500, requiredReplicaSetName='mflix-shard-0'}
2019-02-16 10:44:04.545  INFO 10336 --- [           main] org.mongodb.driver.cluster               : Adding discovered server mflix-shard-00-01-jho7e.mongodb.net:27017 to client view of cluster
2019-02-16 10:44:04.546  INFO 10336 --- [           main] org.mongodb.driver.cluster               : Adding discovered server mflix-shard-00-00-jho7e.mongodb.net:27017 to client view of cluster
2019-02-16 10:44:04.546  INFO 10336 --- [           main] org.mongodb.driver.cluster               : Adding discovered server mflix-shard-00-02-jho7e.mongodb.net:27017 to client view of cluster
2019-02-16 10:44:04.552  INFO 10336 --- [           main] org.mongodb.driver.cluster               : No server chosen by com.mongodb.client.internal.MongoClientDelegate$1@a66e580 from cluster description ClusterDescription{type=REPLICA_SET, connectionMode=MULTIPLE, serverDescriptions=[ServerDescription{address=mflix-shard-00-00-jho7e.mongodb.net:27017, type=UNKNOWN, state=CONNECTING}, ServerDescription{address=mflix-shard-00-01-jho7e.mongodb.net:27017, type=UNKNOWN, state=CONNECTING}, ServerDescription{address=mflix-shard-00-02-jho7e.mongodb.net:27017, type=UNKNOWN, state=CONNECTING}]}. Waiting for 30000 ms before timing out
2019-02-16 10:44:05.106  INFO 10336 --- [ngodb.net:27017] org.mongodb.driver.connection            : Opened connection [connectionId{localValue:13, serverValue:33746}] to mflix-shard-00-01-jho7e.mongodb.net:27017
2019-02-16 10:44:05.198  INFO 10336 --- [ngodb.net:27017] org.mongodb.driver.cluster               : Monitor thread successfully connected to server with description ServerDescription{address=mflix-shard-00-01-jho7e.mongodb.net:27017, type=REPLICA_SET_SECONDARY, state=CONNECTED, ok=true, version=ServerVersion{versionList=[4, 0, 6]}, minWireVersion=0, maxWireVersion=7, maxDocumentSize=16777216, logicalSessionTimeoutMinutes=30, roundTripTimeNanos=91243000, setName='mflix-shard-0', canonicalAddress=mflix-shard-00-01-jho7e.mongodb.net:27017, hosts=[mflix-shard-00-00-jho7e.mongodb.net:27017, mflix-shard-00-01-jho7e.mongodb.net:27017, mflix-shard-00-02-jho7e.mongodb.net:27017], passives=[], arbiters=[], primary='mflix-shard-00-00-jho7e.mongodb.net:27017', tagSet=TagSet{[Tag{name='region', value='US_EAST_1'}, Tag{name='provider', value='AWS'}, Tag{name='nodeType', value='ELECTABLE'}]}, electionId=null, setVersion=1, lastWriteDate=Sat Feb 16 10:44:04 GMT 2019, lastUpdateTimeNanos=129295584448200}
2019-02-16 10:44:05.199  INFO 10336 --- [           main] org.mongodb.driver.cluster               : No server chosen by ReadPreferenceServerSelector{readPreference=primary} from cluster description ClusterDescription{type=REPLICA_SET, connectionMode=MULTIPLE, serverDescriptions=[ServerDescription{address=mflix-shard-00-00-jho7e.mongodb.net:27017, type=UNKNOWN, state=CONNECTING}, ServerDescription{address=mflix-shard-00-01-jho7e.mongodb.net:27017, type=REPLICA_SET_SECONDARY, state=CONNECTED, ok=true, version=ServerVersion{versionList=[4, 0, 6]}, minWireVersion=0, maxWireVersion=7, maxDocumentSize=16777216, logicalSessionTimeoutMinutes=30, roundTripTimeNanos=91243000, setName='mflix-shard-0', canonicalAddress=mflix-shard-00-01-jho7e.mongodb.net:27017, hosts=[mflix-shard-00-00-jho7e.mongodb.net:27017, mflix-shard-00-01-jho7e.mongodb.net:27017, mflix-shard-00-02-jho7e.mongodb.net:27017], passives=[], arbiters=[], primary='mflix-shard-00-00-jho7e.mongodb.net:27017', tagSet=TagSet{[Tag{name='region', value='US_EAST_1'}, Tag{name='provider', value='AWS'}, Tag{name='nodeType', value='ELECTABLE'}]}, electionId=null, setVersion=1, lastWriteDate=Sat Feb 16 10:44:04 GMT 2019, lastUpdateTimeNanos=129295584448200}, ServerDescription{address=mflix-shard-00-02-jho7e.mongodb.net:27017, type=UNKNOWN, state=CONNECTING}]}. Waiting for 30000 ms before timing out
2019-02-16 10:44:05.214  INFO 10336 --- [ngodb.net:27017] org.mongodb.driver.connection            : Opened connection [connectionId{localValue:15, serverValue:34339}] to mflix-shard-00-02-jho7e.mongodb.net:27017
2019-02-16 10:44:05.323  INFO 10336 --- [ngodb.net:27017] org.mongodb.driver.cluster               : Monitor thread successfully connected to server with description ServerDescription{address=mflix-shard-00-02-jho7e.mongodb.net:27017, type=REPLICA_SET_SECONDARY, state=CONNECTED, ok=true, version=ServerVersion{versionList=[4, 0, 6]}, minWireVersion=0, maxWireVersion=7, maxDocumentSize=16777216, logicalSessionTimeoutMinutes=30, roundTripTimeNanos=108216300, setName='mflix-shard-0', canonicalAddress=mflix-shard-00-02-jho7e.mongodb.net:27017, hosts=[mflix-shard-00-00-jho7e.mongodb.net:27017, mflix-shard-00-01-jho7e.mongodb.net:27017, mflix-shard-00-02-jho7e.mongodb.net:27017], passives=[], arbiters=[], primary='mflix-shard-00-00-jho7e.mongodb.net:27017', tagSet=TagSet{[Tag{name='region', value='US_EAST_1'}, Tag{name='provider', value='AWS'}, Tag{name='nodeType', value='ELECTABLE'}]}, electionId=null, setVersion=1, lastWriteDate=Sat Feb 16 10:44:04 GMT 2019, lastUpdateTimeNanos=129295709426800}
2019-02-16 10:44:05.341  INFO 10336 --- [ngodb.net:27017] org.mongodb.driver.connection            : Opened connection [connectionId{localValue:14, serverValue:34216}] to mflix-shard-00-00-jho7e.mongodb.net:27017
2019-02-16 10:44:05.470  INFO 10336 --- [ngodb.net:27017] org.mongodb.driver.cluster               : Monitor thread successfully connected to server with description ServerDescription{address=mflix-shard-00-00-jho7e.mongodb.net:27017, type=REPLICA_SET_PRIMARY, state=CONNECTED, ok=true, version=ServerVersion{versionList=[4, 0, 6]}, minWireVersion=0, maxWireVersion=7, maxDocumentSize=16777216, logicalSessionTimeoutMinutes=30, roundTripTimeNanos=128376900, setName='mflix-shard-0', canonicalAddress=mflix-shard-00-00-jho7e.mongodb.net:27017, hosts=[mflix-shard-00-00-jho7e.mongodb.net:27017, mflix-shard-00-01-jho7e.mongodb.net:27017, mflix-shard-00-02-jho7e.mongodb.net:27017], passives=[], arbiters=[], primary='mflix-shard-00-00-jho7e.mongodb.net:27017', tagSet=TagSet{[Tag{name='region', value='US_EAST_1'}, Tag{name='provider', value='AWS'}, Tag{name='nodeType', value='ELECTABLE'}]}, electionId=7fffffff0000000000000001, setVersion=1, lastWriteDate=Sat Feb 16 10:44:05 GMT 2019, lastUpdateTimeNanos=129295856495600}
2019-02-16 10:44:05.470  INFO 10336 --- [ngodb.net:27017] org.mongodb.driver.cluster               : Setting max election id to 7fffffff0000000000000001 from replica set primary mflix-shard-00-00-jho7e.mongodb.net:27017
2019-02-16 10:44:05.470  INFO 10336 --- [ngodb.net:27017] org.mongodb.driver.cluster               : Setting max set version to 1 from replica set primary mflix-shard-00-00-jho7e.mongodb.net:27017
2019-02-16 10:44:05.470  INFO 10336 --- [ngodb.net:27017] org.mongodb.driver.cluster               : Discovered replica set primary mflix-shard-00-00-jho7e.mongodb.net:27017
2019-02-16 10:44:06.346  INFO 10336 --- [           main] org.mongodb.driver.connection            : Opened connection [connectionId{localValue:16, serverValue:34285}] to mflix-shard-00-00-jho7e.mongodb.net:27017
]]></system-out>
  </testcase>
  <testcase name="testAllDocumentsUpdateDateIsDateType" classname="mflix.api.daos.MigrationTest" time="2.705">
    <failure message="Should not find documents where `lastupdated` is of `string` type expected:&lt;0&gt; but was:&lt;45993&gt;" type="java.lang.AssertionError"><![CDATA[java.lang.AssertionError: Should not find documents where `lastupdated` is of `string` type expected:<0> but was:<45993>
	at mflix.api.daos.MigrationTest.testAllDocumentsUpdateDateIsDateType(MigrationTest.java:31)
]]></failure>
    <system-out><![CDATA[2019-02-16 10:44:06.539  INFO 10336 --- [           main] org.mongodb.driver.cluster               : Cluster created with settings {hosts=[mflix-shard-00-00-jho7e.mongodb.net:27017, mflix-shard-00-01-jho7e.mongodb.net:27017, mflix-shard-00-02-jho7e.mongodb.net:27017], mode=MULTIPLE, requiredClusterType=REPLICA_SET, serverSelectionTimeout='30000 ms', maxWaitQueueSize=500, requiredReplicaSetName='mflix-shard-0'}
2019-02-16 10:44:06.539  INFO 10336 --- [           main] org.mongodb.driver.cluster               : Adding discovered server mflix-shard-00-00-jho7e.mongodb.net:27017 to client view of cluster
2019-02-16 10:44:06.539  INFO 10336 --- [           main] org.mongodb.driver.cluster               : Adding discovered server mflix-shard-00-01-jho7e.mongodb.net:27017 to client view of cluster
2019-02-16 10:44:06.540  INFO 10336 --- [           main] org.mongodb.driver.cluster               : Adding discovered server mflix-shard-00-02-jho7e.mongodb.net:27017 to client view of cluster
2019-02-16 10:44:06.541  INFO 10336 --- [           main] org.mongodb.driver.cluster               : No server chosen by com.mongodb.client.internal.MongoClientDelegate$1@4c6007fb from cluster description ClusterDescription{type=REPLICA_SET, connectionMode=MULTIPLE, serverDescriptions=[ServerDescription{address=mflix-shard-00-00-jho7e.mongodb.net:27017, type=UNKNOWN, state=CONNECTING}, ServerDescription{address=mflix-shard-00-01-jho7e.mongodb.net:27017, type=UNKNOWN, state=CONNECTING}, ServerDescription{address=mflix-shard-00-02-jho7e.mongodb.net:27017, type=UNKNOWN, state=CONNECTING}]}. Waiting for 30000 ms before timing out
2019-02-16 10:44:07.093  INFO 10336 --- [ngodb.net:27017] org.mongodb.driver.connection            : Opened connection [connectionId{localValue:18, serverValue:33740}] to mflix-shard-00-01-jho7e.mongodb.net:27017
2019-02-16 10:44:07.148  INFO 10336 --- [ngodb.net:27017] org.mongodb.driver.connection            : Opened connection [connectionId{localValue:17, serverValue:34806}] to mflix-shard-00-00-jho7e.mongodb.net:27017
2019-02-16 10:44:07.183  INFO 10336 --- [ngodb.net:27017] org.mongodb.driver.cluster               : Monitor thread successfully connected to server with description ServerDescription{address=mflix-shard-00-01-jho7e.mongodb.net:27017, type=REPLICA_SET_SECONDARY, state=CONNECTED, ok=true, version=ServerVersion{versionList=[4, 0, 6]}, minWireVersion=0, maxWireVersion=7, maxDocumentSize=16777216, logicalSessionTimeoutMinutes=30, roundTripTimeNanos=89148100, setName='mflix-shard-0', canonicalAddress=mflix-shard-00-01-jho7e.mongodb.net:27017, hosts=[mflix-shard-00-00-jho7e.mongodb.net:27017, mflix-shard-00-01-jho7e.mongodb.net:27017, mflix-shard-00-02-jho7e.mongodb.net:27017], passives=[], arbiters=[], primary='mflix-shard-00-00-jho7e.mongodb.net:27017', tagSet=TagSet{[Tag{name='region', value='US_EAST_1'}, Tag{name='provider', value='AWS'}, Tag{name='nodeType', value='ELECTABLE'}]}, electionId=null, setVersion=1, lastWriteDate=Sat Feb 16 10:44:05 GMT 2019, lastUpdateTimeNanos=129297569239400}
2019-02-16 10:44:07.183  INFO 10336 --- [           main] org.mongodb.driver.cluster               : No server chosen by ReadPreferenceServerSelector{readPreference=primary} from cluster description ClusterDescription{type=REPLICA_SET, connectionMode=MULTIPLE, serverDescriptions=[ServerDescription{address=mflix-shard-00-00-jho7e.mongodb.net:27017, type=UNKNOWN, state=CONNECTING}, ServerDescription{address=mflix-shard-00-01-jho7e.mongodb.net:27017, type=REPLICA_SET_SECONDARY, state=CONNECTED, ok=true, version=ServerVersion{versionList=[4, 0, 6]}, minWireVersion=0, maxWireVersion=7, maxDocumentSize=16777216, logicalSessionTimeoutMinutes=30, roundTripTimeNanos=89148100, setName='mflix-shard-0', canonicalAddress=mflix-shard-00-01-jho7e.mongodb.net:27017, hosts=[mflix-shard-00-00-jho7e.mongodb.net:27017, mflix-shard-00-01-jho7e.mongodb.net:27017, mflix-shard-00-02-jho7e.mongodb.net:27017], passives=[], arbiters=[], primary='mflix-shard-00-00-jho7e.mongodb.net:27017', tagSet=TagSet{[Tag{name='region', value='US_EAST_1'}, Tag{name='provider', value='AWS'}, Tag{name='nodeType', value='ELECTABLE'}]}, electionId=null, setVersion=1, lastWriteDate=Sat Feb 16 10:44:05 GMT 2019, lastUpdateTimeNanos=129297569239400}, ServerDescription{address=mflix-shard-00-02-jho7e.mongodb.net:27017, type=UNKNOWN, state=CONNECTING}]}. Waiting for 30000 ms before timing out
2019-02-16 10:44:07.198  INFO 10336 --- [ngodb.net:27017] org.mongodb.driver.connection            : Opened connection [connectionId{localValue:19, serverValue:34523}] to mflix-shard-00-02-jho7e.mongodb.net:27017
2019-02-16 10:44:07.249  INFO 10336 --- [ngodb.net:27017] org.mongodb.driver.cluster               : Monitor thread successfully connected to server with description ServerDescription{address=mflix-shard-00-00-jho7e.mongodb.net:27017, type=REPLICA_SET_PRIMARY, state=CONNECTED, ok=true, version=ServerVersion{versionList=[4, 0, 6]}, minWireVersion=0, maxWireVersion=7, maxDocumentSize=16777216, logicalSessionTimeoutMinutes=30, roundTripTimeNanos=100631400, setName='mflix-shard-0', canonicalAddress=mflix-shard-00-00-jho7e.mongodb.net:27017, hosts=[mflix-shard-00-00-jho7e.mongodb.net:27017, mflix-shard-00-01-jho7e.mongodb.net:27017, mflix-shard-00-02-jho7e.mongodb.net:27017], passives=[], arbiters=[], primary='mflix-shard-00-00-jho7e.mongodb.net:27017', tagSet=TagSet{[Tag{name='region', value='US_EAST_1'}, Tag{name='provider', value='AWS'}, Tag{name='nodeType', value='ELECTABLE'}]}, electionId=7fffffff0000000000000001, setVersion=1, lastWriteDate=Sat Feb 16 10:44:05 GMT 2019, lastUpdateTimeNanos=129297635842100}
2019-02-16 10:44:07.250  INFO 10336 --- [ngodb.net:27017] org.mongodb.driver.cluster               : Setting max election id to 7fffffff0000000000000001 from replica set primary mflix-shard-00-00-jho7e.mongodb.net:27017
2019-02-16 10:44:07.250  INFO 10336 --- [ngodb.net:27017] org.mongodb.driver.cluster               : Setting max set version to 1 from replica set primary mflix-shard-00-00-jho7e.mongodb.net:27017
2019-02-16 10:44:07.250  INFO 10336 --- [ngodb.net:27017] org.mongodb.driver.cluster               : Discovered replica set primary mflix-shard-00-00-jho7e.mongodb.net:27017
2019-02-16 10:44:07.310  INFO 10336 --- [ngodb.net:27017] org.mongodb.driver.cluster               : Monitor thread successfully connected to server with description ServerDescription{address=mflix-shard-00-02-jho7e.mongodb.net:27017, type=REPLICA_SET_SECONDARY, state=CONNECTED, ok=true, version=ServerVersion{versionList=[4, 0, 6]}, minWireVersion=0, maxWireVersion=7, maxDocumentSize=16777216, logicalSessionTimeoutMinutes=30, roundTripTimeNanos=111878300, setName='mflix-shard-0', canonicalAddress=mflix-shard-00-02-jho7e.mongodb.net:27017, hosts=[mflix-shard-00-00-jho7e.mongodb.net:27017, mflix-shard-00-01-jho7e.mongodb.net:27017, mflix-shard-00-02-jho7e.mongodb.net:27017], passives=[], arbiters=[], primary='mflix-shard-00-00-jho7e.mongodb.net:27017', tagSet=TagSet{[Tag{name='region', value='US_EAST_1'}, Tag{name='provider', value='AWS'}, Tag{name='nodeType', value='ELECTABLE'}]}, electionId=null, setVersion=1, lastWriteDate=Sat Feb 16 10:44:05 GMT 2019, lastUpdateTimeNanos=129297697239200}
2019-02-16 10:44:09.062  INFO 10336 --- [           main] org.mongodb.driver.connection            : Opened connection [connectionId{localValue:20, serverValue:34217}] to mflix-shard-00-00-jho7e.mongodb.net:27017
]]></system-out>
  </testcase>
</testsuite>